Mono path[0] = 'C:/Users/fabga/Documents/Unity/AI-Racing-Karts/Builds/RacingDemo_Data/Managed'
Mono config path = 'C:/Users/fabga/Documents/Unity/AI-Racing-Karts/Builds/MonoBleedingEdge/etc'
Initialize engine version: 2020.3.25f1 (9b9180224418)
[Subsystems] Discovering subsystems at path C:/Users/fabga/Documents/Unity/AI-Racing-Karts/Builds/RacingDemo_Data/UnitySubsystems
GfxDevice: creating device client; threaded=1
Direct3D:
    Version:  Direct3D 11.0 [level 11.1]
    Renderer: NVIDIA GeForce RTX 3060 Ti (ID=0x2489)
    Vendor:   
    VRAM:     8024 MB
    Driver:   31.0.15.5134
Begin MonoManager ReloadAssembly
- Completed reload, in  2.344 seconds
<RI> Initializing input.
<RI> Input initialized.
<RI> Initialized touch support.
UnloadTime: 0.727900 ms
Registered Communicator.
Fallback handler could not load library C:/Users/fabga/Documents/Unity/AI-Racing-Karts/Builds/RacingDemo_Data/Mono/libcoreclr.so
Fallback handler could not load library C:/Users/fabga/Documents/Unity/AI-Racing-Karts/Builds/RacingDemo_Data/Mono/libcoreclr.so.dll
Fallback handler could not load library C:/Users/fabga/Documents/Unity/AI-Racing-Karts/Builds/RacingDemo_Data/Mono/libcoreclr.so
Fallback handler could not load library C:/Users/fabga/Documents/Unity/AI-Racing-Karts/Builds/RacingDemo_Data/Mono/libdl.so
Fallback handler could not load library C:/Users/fabga/Documents/Unity/AI-Racing-Karts/Builds/RacingDemo_Data/Mono/libdl.so.dll
Fallback handler could not load library C:/Users/fabga/Documents/Unity/AI-Racing-Karts/Builds/RacingDemo_Data/Mono/libdl.so
Fallback handler could not load library C:/Users/fabga/Documents/Unity/AI-Racing-Karts/Builds/RacingDemo_Data/Mono/libSystem.dylib
Fallback handler could not load library C:/Users/fabga/Documents/Unity/AI-Racing-Karts/Builds/RacingDemo_Data/Mono/libSystem.dylib.dll
Fallback handler could not load library C:/Users/fabga/Documents/Unity/AI-Racing-Karts/Builds/RacingDemo_Data/Mono/libSystem.dylib
Fallback handler could not load library C:/Users/fabga/Documents/Unity/AI-Racing-Karts/Builds/RacingDemo_Data/Mono/libcoreclr.so
Fallback handler could not load library C:/Users/fabga/Documents/Unity/AI-Racing-Karts/Builds/RacingDemo_Data/Mono/libcoreclr.so.dll
Fallback handler could not load library C:/Users/fabga/Documents/Unity/AI-Racing-Karts/Builds/RacingDemo_Data/Mono/libcoreclr.so
Fallback handler could not load library C:/Users/fabga/Documents/Unity/AI-Racing-Karts/Builds/RacingDemo_Data/Mono/libdl.so
Fallback handler could not load library C:/Users/fabga/Documents/Unity/AI-Racing-Karts/Builds/RacingDemo_Data/Mono/libdl.so.dll
Fallback handler could not load library C:/Users/fabga/Documents/Unity/AI-Racing-Karts/Builds/RacingDemo_Data/Mono/libdl.so
Fallback handler could not load library C:/Users/fabga/Documents/Unity/AI-Racing-Karts/Builds/RacingDemo_Data/Mono/libSystem.dylib
Fallback handler could not load library C:/Users/fabga/Documents/Unity/AI-Racing-Karts/Builds/RacingDemo_Data/Mono/libSystem.dylib.dll
Fallback handler could not load library C:/Users/fabga/Documents/Unity/AI-Racing-Karts/Builds/RacingDemo_Data/Mono/libSystem.dylib
Setting up 8 worker threads for Enlighten.
  Thread -> id: 7748 -> priority: 1 
  Thread -> id: 3b90 -> priority: 1 
  Thread -> id: aa18 -> priority: 1 
  Thread -> id: 2330 -> priority: 1 
  Thread -> id: aa50 -> priority: 1 
  Thread -> id: aa8c -> priority: 1 
  Thread -> id: 8a94 -> priority: 1 
  Thread -> id: 9258 -> priority: 1 
