Mono path[0] = 'C:/Users/fabga/Documents/Unity/AI-Racing-Karts/Builds/RacingDemo_Data/Managed'
Mono config path = 'C:/Users/fabga/Documents/Unity/AI-Racing-Karts/Builds/MonoBleedingEdge/etc'
Initialize engine version: 2020.3.25f1 (9b9180224418)
[Subsystems] Discovering subsystems at path C:/Users/fabga/Documents/Unity/AI-Racing-Karts/Builds/RacingDemo_Data/UnitySubsystems
GfxDevice: creating device client; threaded=1
Direct3D:
    Version:  Direct3D 11.0 [level 11.1]
    Renderer: NVIDIA GeForce RTX 3060 Ti (ID=0x2489)
    Vendor:   
    VRAM:     8024 MB
    Driver:   31.0.15.5134
Begin MonoManager ReloadAssembly
- Completed reload, in  0.071 seconds
<RI> Initializing input.
<RI> Input initialized.
<RI> Initialized touch support.
UnloadTime: 0.820500 ms
Fallback handler could not load library C:/Users/fabga/Documents/Unity/AI-Racing-Karts/Builds/RacingDemo_Data/Mono/libcoreclr.so
Fallback handler could not load library C:/Users/fabga/Documents/Unity/AI-Racing-Karts/Builds/RacingDemo_Data/Mono/libcoreclr.so.dll
Fallback handler could not load library C:/Users/fabga/Documents/Unity/AI-Racing-Karts/Builds/RacingDemo_Data/Mono/libcoreclr.so
Fallback handler could not load library C:/Users/fabga/Documents/Unity/AI-Racing-Karts/Builds/RacingDemo_Data/Mono/libdl.so
Fallback handler could not load library C:/Users/fabga/Documents/Unity/AI-Racing-Karts/Builds/RacingDemo_Data/Mono/libdl.so.dll
Fallback handler could not load library C:/Users/fabga/Documents/Unity/AI-Racing-Karts/Builds/RacingDemo_Data/Mono/libdl.so
Fallback handler could not load library C:/Users/fabga/Documents/Unity/AI-Racing-Karts/Builds/RacingDemo_Data/Mono/libSystem.dylib
Fallback handler could not load library C:/Users/fabga/Documents/Unity/AI-Racing-Karts/Builds/RacingDemo_Data/Mono/libSystem.dylib.dll
Fallback handler could not load library C:/Users/fabga/Documents/Unity/AI-Racing-Karts/Builds/RacingDemo_Data/Mono/libSystem.dylib
Fallback handler could not load library C:/Users/fabga/Documents/Unity/AI-Racing-Karts/Builds/RacingDemo_Data/Mono/libcoreclr.so
Fallback handler could not load library C:/Users/fabga/Documents/Unity/AI-Racing-Karts/Builds/RacingDemo_Data/Mono/libcoreclr.so.dll
Fallback handler could not load library C:/Users/fabga/Documents/Unity/AI-Racing-Karts/Builds/RacingDemo_Data/Mono/libcoreclr.so
Fallback handler could not load library C:/Users/fabga/Documents/Unity/AI-Racing-Karts/Builds/RacingDemo_Data/Mono/libdl.so
Fallback handler could not load library C:/Users/fabga/Documents/Unity/AI-Racing-Karts/Builds/RacingDemo_Data/Mono/libdl.so.dll
Fallback handler could not load library C:/Users/fabga/Documents/Unity/AI-Racing-Karts/Builds/RacingDemo_Data/Mono/libdl.so
Fallback handler could not load library C:/Users/fabga/Documents/Unity/AI-Racing-Karts/Builds/RacingDemo_Data/Mono/libSystem.dylib
Fallback handler could not load library C:/Users/fabga/Documents/Unity/AI-Racing-Karts/Builds/RacingDemo_Data/Mono/libSystem.dylib.dll
Fallback handler could not load library C:/Users/fabga/Documents/Unity/AI-Racing-Karts/Builds/RacingDemo_Data/Mono/libSystem.dylib
WARNING: The communication API versions between Unity and python differ at the minor version level. Python API: 1.5.0, Unity API: 1.2.0 Python Library Version: 1.0.0 .
This means that some features may not work unless you upgrade the package with the lower version.Please find the versions that work best together from our release page.
https://github.com/Unity-Technologies/ml-agents/releases
Setting up 8 worker threads for Enlighten.
  Thread -> id: e60 -> priority: 1 
  Thread -> id: 42fc -> priority: 1 
  Thread -> id: 1e84 -> priority: 1 
  Thread -> id: 4a00 -> priority: 1 
  Thread -> id: 6768 -> priority: 1 
  Thread -> id: 7aa4 -> priority: 1 
  Thread -> id: 64ac -> priority: 1 
  Thread -> id: 3af0 -> priority: 1 
